<?xml version="1.0" encoding="UTF-8"?>
<!-- Generated by org.testng.reporters.JUnitXMLReporter -->
<testsuite ignored="0" hostname="DESKTOP-45AUUF8" failures="1" tests="2" name="Test" time="0.106" errors="0" timestamp="2026-01-11T00:18:34 IST">
  <testcase classname="com.automation.seleniumframework.multipleParameter2" name="test1" time="0.0">
    <failure type="org.testng.TestNGException" message="
Method test1 requires 2 parameters but 1 were supplied in the @Test annotation.">
      <![CDATA[org.testng.TestNGException: 
Method test1 requires 2 parameters but 1 were supplied in the @Test annotation.
at java.base/java.util.ArrayList.forEach(ArrayList.java:1511)
... Removed 26 stack frames]]>
    </failure>
  </testcase> <!-- test1 -->
  <testcase classname="com.automation.seleniumframework.multipleParameter1" name="test1" time="0.01"/>
</testsuite> <!-- Test -->
