<?xml version="1.0" encoding="UTF-8"?>
<testng-results ignored="0" total="2" passed="2" failed="0" skipped="0">
  <reporter-output>
  </reporter-output>
  <suite started-at="2026-01-11T00:30:58 IST" name="Default suite" finished-at="2026-01-11T00:30:58 IST" duration-ms="70">
    <groups>
    </groups>
    <test started-at="2026-01-11T00:30:58 IST" name="Default test" finished-at="2026-01-11T00:30:58 IST" duration-ms="70">
      <class name="com.automation.seleniumframework.multipleParameter2">
        <test-method signature="test1(java.lang.String,java.lang.String)[pri:0, instance:com.automation.seleniumframework.multipleParameter2@1aafa419]" started-at="2026-01-11T00:30:58 IST" name="test1" data-provider="getData" finished-at="2026-01-11T00:30:58 IST" duration-ms="14" status="PASS">
          <params>
            <param index="0">
              <value>
                <![CDATA[renu345]]>
              </value>
            </param>
            <param index="1">
              <value>
                <![CDATA[renu356]]>
              </value>
            </param>
          </params>
          <reporter-output>
          </reporter-output>
        </test-method> <!-- test1 -->
        <test-method signature="test1(java.lang.String,java.lang.String)[pri:0, instance:com.automation.seleniumframework.multipleParameter2@1aafa419]" started-at="2026-01-11T00:30:58 IST" name="test1" data-provider="getData" finished-at="2026-01-11T00:30:58 IST" duration-ms="2" status="PASS">
          <params>
            <param index="0">
              <value>
                <![CDATA[renu567]]>
              </value>
            </param>
            <param index="1">
              <value>
                <![CDATA[renu1678]]>
              </value>
            </param>
          </params>
          <reporter-output>
          </reporter-output>
        </test-method> <!-- test1 -->
      </class> <!-- com.automation.seleniumframework.multipleParameter2 -->
    </test> <!-- Default test -->
  </suite> <!-- Default suite -->
</testng-results>
