<?xml version="1.0" encoding="UTF-8"?>
<!-- Generated by org.testng.reporters.JUnitReportReporter -->
<testsuite hostname="DESKTOP-45AUUF8" failures="0" tests="2" name="com.automation.seleniumframework.testLevelParam2" time="0.004" errors="0" timestamp="2026-01-10T22:48:19 IST" skipped="0">
  <testcase classname="com.automation.seleniumframework.testLevelParam2" name="test245" time="0.002"/>
  <testcase classname="com.automation.seleniumframework.testLevelParam2" name="test2456" time="0.002"/>
</testsuite> <!-- com.automation.seleniumframework.testLevelParam2 -->
