<?xml version="1.0" encoding="UTF-8"?>
<!-- Generated by org.testng.reporters.JUnitReportReporter -->
<testsuite hostname="DESKTOP-45AUUF8" failures="0" tests="2" name="com.automation.seleniumframework.Test2" time="0.005" errors="0" timestamp="2026-01-10T19:22:10 IST" skipped="0">
  <testcase classname="com.automation.seleniumframework.Test2" name="test2" time="0.001"/>
  <testcase classname="com.automation.seleniumframework.Test2" name="test1" time="0.004"/>
</testsuite> <!-- com.automation.seleniumframework.Test2 -->
