<?xml version="1.0" encoding="UTF-8"?>
<!-- Generated by org.testng.reporters.JUnitReportReporter -->
<testsuite hostname="DESKTOP-45AUUF8" failures="0" tests="3" name="com.automation.seleniumframework.dependson" time="0.009" errors="0" timestamp="2026-01-10T21:29:03 IST" skipped="0">
  <testcase classname="com.automation.seleniumframework.dependson" name="test" time="0.001"/>
  <testcase classname="com.automation.seleniumframework.dependson" name="test34" time="0.001"/>
  <testcase classname="com.automation.seleniumframework.dependson" name="name" time="0.007"/>
</testsuite> <!-- com.automation.seleniumframework.dependson -->
