<?xml version="1.0" encoding="UTF-8"?>
<!-- Generated by org.testng.reporters.JUnitReportReporter -->
<testsuite hostname="DESKTOP-45AUUF8" failures="0" tests="2" name="com.automation.seleniumframework.testLevelParam1" time="0.009" errors="0" timestamp="2026-01-10T22:48:19 IST" skipped="0">
  <testcase classname="com.automation.seleniumframework.testLevelParam1" name="test45" time="0.007"/>
  <testcase classname="com.automation.seleniumframework.testLevelParam1" name="test456" time="0.002"/>
</testsuite> <!-- com.automation.seleniumframework.testLevelParam1 -->
