<?xml version="1.0" encoding="UTF-8"?>
<!-- Generated by org.testng.reporters.JUnitReportReporter -->
<testsuite hostname="DESKTOP-45AUUF8" failures="0" tests="2" name="com.automation.seleniumframework.multipleParameter2" time="0.016" errors="0" timestamp="2026-01-11T00:30:59 IST" skipped="0">
  <testcase classname="com.automation.seleniumframework.multipleParameter2" name="test1" time="0.014"/>
  <testcase classname="com.automation.seleniumframework.multipleParameter2" name="test1" time="0.002"/>
</testsuite> <!-- com.automation.seleniumframework.multipleParameter2 -->
