<?xml version="1.0" encoding="UTF-8"?>
<!-- Generated by org.testng.reporters.JUnitReportReporter -->
<testsuite hostname="DESKTOP-45AUUF8" failures="0" tests="2" name="com.automation.seleniumframework.Param1" time="0.003" errors="0" timestamp="2026-01-10T22:28:41 IST" skipped="0">
  <testcase classname="com.automation.seleniumframework.Param1" name="testparam2" time="0.001"/>
  <testcase classname="com.automation.seleniumframework.Param1" name="testparam" time="0.002"/>
</testsuite> <!-- com.automation.seleniumframework.Param1 -->
